This file contains any messages produced by compilers while
running configure, to aid debugging if configure makes a mistake.

It was created by configure, which was
generated by GNU Autoconf 2.52.  Invocation command line was

  $ ./configure --build=x86_64-unknown-linux-gnu --host=x86_64-unknown-linux-gnu --prefix=/home/taran/Desktop/docker/nginx_vanilla/unicornscan-0.4.7/libs/libdnet-1.10/../fake --enable-shared=no

## ---------- ##
## Platform.  ##
## ---------- ##

hostname = taran-Predator-PH315-51
uname -m = x86_64
uname -r = 5.0.0-29-generic
uname -s = Linux
uname -v = #31~18.04.1-Ubuntu SMP Thu Sep 12 18:29:21 UTC 2019

/usr/bin/uname -p = unknown
/bin/uname -X     = unknown

/bin/arch              = unknown
/usr/bin/arch -k       = unknown
/usr/convex/getsysinfo = unknown
hostinfo               = unknown
/bin/machine           = unknown
/usr/bin/oslevel       = unknown
/bin/universe          = unknown

PATH = /home/taran/anaconda3/condabin:/home/taran/.local/bin:/usr/local/sbin:/usr/local/bin:/usr/sbin:/usr/bin:/sbin:/bin:/usr/games:/usr/local/games:/snap/bin:/usr/local/spark/bin

## ------------ ##
## Core tests.  ##
## ------------ ##

configure:1153: PATH=".;."; conftest.sh
./configure: 1154: ./configure: conftest.sh: not found
configure:1156: $? = 127
configure:1203: checking for a BSD compatible install
configure:1252: result: /usr/bin/install -c
configure:1263: checking whether build environment is sane
configure:1306: result: yes
configure:1321: checking whether make sets ${MAKE}
configure:1341: result: yes
configure:1369: checking for working aclocal-1.4
configure:1380: result: missing
configure:1384: checking for working autoconf
configure:1395: result: missing
configure:1399: checking for working automake-1.4
configure:1410: result: missing
configure:1414: checking for working autoheader
configure:1425: result: missing
configure:1429: checking for working makeinfo
configure:1440: result: missing
configure:1448: checking whether to enable maintainer-specific portions of Makefiles
configure:1457: result: no
configure:1475: checking build system type
configure:1493: result: x86_64-unknown-linux-gnu
configure:1500: checking host system type
configure:1514: result: x86_64-unknown-linux-gnu
configure:1533: checking for x86_64-unknown-linux-gnu-gcc
configure:1556: result: gcc
configure:1819: checking for C compiler version
configure:1822: gcc --version </dev/null >&5
gcc (Ubuntu 7.4.0-1ubuntu1~18.04.1) 7.4.0
Copyright (C) 2017 Free Software Foundation, Inc.
This is free software; see the source for copying conditions.  There is NO
warranty; not even for MERCHANTABILITY or FITNESS FOR A PARTICULAR PURPOSE.

configure:1825: $? = 0
configure:1827: gcc -v </dev/null >&5
Using built-in specs.
COLLECT_GCC=gcc
COLLECT_LTO_WRAPPER=/usr/lib/gcc/x86_64-linux-gnu/7/lto-wrapper
OFFLOAD_TARGET_NAMES=nvptx-none
OFFLOAD_TARGET_DEFAULT=1
Target: x86_64-linux-gnu
Configured with: ../src/configure -v --with-pkgversion='Ubuntu 7.4.0-1ubuntu1~18.04.1' --with-bugurl=file:///usr/share/doc/gcc-7/README.Bugs --enable-languages=c,ada,c++,go,brig,d,fortran,objc,obj-c++ --prefix=/usr --with-gcc-major-version-only --program-suffix=-7 --program-prefix=x86_64-linux-gnu- --enable-shared --enable-linker-build-id --libexecdir=/usr/lib --without-included-gettext --enable-threads=posix --libdir=/usr/lib --enable-nls --with-sysroot=/ --enable-clocale=gnu --enable-libstdcxx-debug --enable-libstdcxx-time=yes --with-default-libstdcxx-abi=new --enable-gnu-unique-object --disable-vtable-verify --enable-libmpx --enable-plugin --enable-default-pie --with-system-zlib --with-target-system-zlib --enable-objc-gc=auto --enable-multiarch --disable-werror --with-arch-32=i686 --with-abi=m64 --with-multilib-list=m32,m64,mx32 --enable-multilib --with-tune=generic --enable-offload-targets=nvptx-none --without-cuda-driver --enable-checking=release --build=x86_64-linux-gnu --host=x86_64-linux-gnu --target=x86_64-linux-gnu
Thread model: posix
gcc version 7.4.0 (Ubuntu 7.4.0-1ubuntu1~18.04.1) 
configure:1830: $? = 0
configure:1832: gcc -V </dev/null >&5
gcc: error: unrecognized command line option '-V'
gcc: fatal error: no input files
compilation terminated.
configure:1835: $? = 1
configure:1855: checking for C compiler default output
configure:1858: gcc -D_GNU_SOURCE -O2  -DLIBDIR="/usr/local/lib" -DSYSCONFDIR="/usr/local/etc" -DLIBEXECDIR="/usr/local/libexec" -DLOCALSTATEDIR="/usr/local/var" -DPROGNAME="unicornscan" -I/home/taran/Desktop/docker/nginx_vanilla/unicornscan-0.4.7/src -I/home/taran/Desktop/docker/nginx_vanilla/unicornscan-0.4.7/libs/fake/include -I/home/taran/Desktop/docker/nginx_vanilla/unicornscan-0.4.7/ext_src    conftest.c  >&5
configure:1861: $? = 0
configure:1890: result: a.out
configure:1895: checking whether the C compiler works
configure:1901: ./a.out
configure:1904: $? = 0
configure:1919: result: yes
configure:1926: checking whether we are cross compiling
configure:1928: result: no
configure:1931: checking for executable suffix
configure:1933: gcc -o conftest -D_GNU_SOURCE -O2  -DLIBDIR="/usr/local/lib" -DSYSCONFDIR="/usr/local/etc" -DLIBEXECDIR="/usr/local/libexec" -DLOCALSTATEDIR="/usr/local/var" -DPROGNAME="unicornscan" -I/home/taran/Desktop/docker/nginx_vanilla/unicornscan-0.4.7/src -I/home/taran/Desktop/docker/nginx_vanilla/unicornscan-0.4.7/libs/fake/include -I/home/taran/Desktop/docker/nginx_vanilla/unicornscan-0.4.7/ext_src    conftest.c  >&5
configure:1936: $? = 0
configure:1958: result: 
configure:1964: checking for object suffix
configure:1982: gcc -c -D_GNU_SOURCE -O2  -DLIBDIR="/usr/local/lib" -DSYSCONFDIR="/usr/local/etc" -DLIBEXECDIR="/usr/local/libexec" -DLOCALSTATEDIR="/usr/local/var" -DPROGNAME="unicornscan" -I/home/taran/Desktop/docker/nginx_vanilla/unicornscan-0.4.7/src -I/home/taran/Desktop/docker/nginx_vanilla/unicornscan-0.4.7/libs/fake/include -I/home/taran/Desktop/docker/nginx_vanilla/unicornscan-0.4.7/ext_src   conftest.c >&5
configure:1985: $? = 0
configure:2004: result: o
configure:2008: checking whether we are using the GNU C compiler
configure:2029: gcc -c -D_GNU_SOURCE -O2  -DLIBDIR="/usr/local/lib" -DSYSCONFDIR="/usr/local/etc" -DLIBEXECDIR="/usr/local/libexec" -DLOCALSTATEDIR="/usr/local/var" -DPROGNAME="unicornscan" -I/home/taran/Desktop/docker/nginx_vanilla/unicornscan-0.4.7/src -I/home/taran/Desktop/docker/nginx_vanilla/unicornscan-0.4.7/libs/fake/include -I/home/taran/Desktop/docker/nginx_vanilla/unicornscan-0.4.7/ext_src   conftest.c >&5
configure:2032: $? = 0
configure:2035: test -s conftest.o
configure:2038: $? = 0
configure:2050: result: yes
configure:2056: checking whether gcc accepts -g
configure:2074: gcc -c -g  conftest.c >&5
configure:2077: $? = 0
configure:2080: test -s conftest.o
configure:2083: $? = 0
configure:2093: result: yes
configure:2120: gcc -c -D_GNU_SOURCE -O2  -DLIBDIR="/usr/local/lib" -DSYSCONFDIR="/usr/local/etc" -DLIBEXECDIR="/usr/local/libexec" -DLOCALSTATEDIR="/usr/local/var" -DPROGNAME="unicornscan" -I/home/taran/Desktop/docker/nginx_vanilla/unicornscan-0.4.7/src -I/home/taran/Desktop/docker/nginx_vanilla/unicornscan-0.4.7/libs/fake/include -I/home/taran/Desktop/docker/nginx_vanilla/unicornscan-0.4.7/ext_src   conftest.c >&5
conftest.c:2:3: error: unknown type name 'choke'
   choke me
   ^~~~~
conftest.c:2:3: error: expected '=', ',', ';', 'asm' or '__attribute__' at end of input
configure:2123: $? = 1
configure: failed program was:
#ifndef __cplusplus
  choke me
#endif
configure:2233: checking for a BSD compatible install
configure:2282: result: /usr/bin/install -c
configure:2365: checking for a sed that does not truncate output
configure:2419: result: /bin/sed
configure:2422: checking for egrep
configure:2432: result: grep -E
configure:2446: checking for ld used by gcc
configure:2513: result: /usr/bin/ld
configure:2522: checking if the linker (/usr/bin/ld) is GNU ld
configure:2537: result: yes
configure:2541: checking for /usr/bin/ld option to reload object files
configure:2548: result: -r
configure:2557: checking for BSD-compatible nm
configure:2599: result: nm
configure:2603: checking whether ln -s works
configure:2607: result: yes
configure:2614: checking how to recognise dependent libraries
configure:2797: result: pass_all
configure:2878: gcc -c -D_GNU_SOURCE -O2  -DLIBDIR="/usr/local/lib" -DSYSCONFDIR="/usr/local/etc" -DLIBEXECDIR="/usr/local/libexec" -DLOCALSTATEDIR="/usr/local/var" -DPROGNAME="unicornscan" -I/home/taran/Desktop/docker/nginx_vanilla/unicornscan-0.4.7/src -I/home/taran/Desktop/docker/nginx_vanilla/unicornscan-0.4.7/libs/fake/include -I/home/taran/Desktop/docker/nginx_vanilla/unicornscan-0.4.7/ext_src   conftest.c >&5
configure:2881: $? = 0
configure:2991: checking how to run the C preprocessor
configure:3017: gcc -E  conftest.c
configure:3023: $? = 0
configure:3050: gcc -E  conftest.c
configure:3047:10: fatal error: ac_nonexistent.h: No such file or directory
 #include "confdefs.h"
          ^~~~~~~~~~~~      
compilation terminated.
configure:3056: $? = 1
configure: failed program was:
#line 3046 "configure"
#include "confdefs.h"
#include <ac_nonexistent.h>
configure:3093: result: gcc -E
configure:3108: gcc -E  conftest.c
configure:3114: $? = 0
configure:3141: gcc -E  conftest.c
configure:3138:10: fatal error: ac_nonexistent.h: No such file or directory
 #include "confdefs.h"
          ^~~~~~~~~~~~      
compilation terminated.
configure:3147: $? = 1
configure: failed program was:
#line 3137 "configure"
#include "confdefs.h"
#include <ac_nonexistent.h>
configure:3189: checking for dlfcn.h
configure:3199: gcc -E  conftest.c
configure:3205: $? = 0
configure:3224: result: yes
configure:3244: checking for x86_64-unknown-linux-gnu-g++
configure:3270: result: no
configure:3244: checking for x86_64-unknown-linux-gnu-c++
configure:3270: result: no
configure:3244: checking for x86_64-unknown-linux-gnu-gpp
configure:3270: result: no
configure:3244: checking for x86_64-unknown-linux-gnu-aCC
configure:3270: result: no
configure:3244: checking for x86_64-unknown-linux-gnu-CC
configure:3270: result: no
configure:3244: checking for x86_64-unknown-linux-gnu-cxx
configure:3270: result: no
configure:3244: checking for x86_64-unknown-linux-gnu-cc++
configure:3270: result: no
configure:3244: checking for x86_64-unknown-linux-gnu-cl
configure:3270: result: no
configure:3244: checking for x86_64-unknown-linux-gnu-FCC
configure:3270: result: no
configure:3244: checking for x86_64-unknown-linux-gnu-KCC
configure:3270: result: no
configure:3244: checking for x86_64-unknown-linux-gnu-RCC
configure:3270: result: no
configure:3244: checking for x86_64-unknown-linux-gnu-xlC_r
configure:3270: result: no
configure:3244: checking for x86_64-unknown-linux-gnu-xlC
configure:3270: result: no
configure:3283: checking for g++
configure:3298: found /usr/bin/g++
configure:3306: result: g++
configure:3321: checking for C++ compiler version
configure:3324: g++ --version </dev/null >&5
g++ (Ubuntu 7.4.0-1ubuntu1~18.04.1) 7.4.0
Copyright (C) 2017 Free Software Foundation, Inc.
This is free software; see the source for copying conditions.  There is NO
warranty; not even for MERCHANTABILITY or FITNESS FOR A PARTICULAR PURPOSE.

configure:3327: $? = 0
configure:3329: g++ -v </dev/null >&5
Using built-in specs.
COLLECT_GCC=g++
COLLECT_LTO_WRAPPER=/usr/lib/gcc/x86_64-linux-gnu/7/lto-wrapper
OFFLOAD_TARGET_NAMES=nvptx-none
OFFLOAD_TARGET_DEFAULT=1
Target: x86_64-linux-gnu
Configured with: ../src/configure -v --with-pkgversion='Ubuntu 7.4.0-1ubuntu1~18.04.1' --with-bugurl=file:///usr/share/doc/gcc-7/README.Bugs --enable-languages=c,ada,c++,go,brig,d,fortran,objc,obj-c++ --prefix=/usr --with-gcc-major-version-only --program-suffix=-7 --program-prefix=x86_64-linux-gnu- --enable-shared --enable-linker-build-id --libexecdir=/usr/lib --without-included-gettext --enable-threads=posix --libdir=/usr/lib --enable-nls --with-sysroot=/ --enable-clocale=gnu --enable-libstdcxx-debug --enable-libstdcxx-time=yes --with-default-libstdcxx-abi=new --enable-gnu-unique-object --disable-vtable-verify --enable-libmpx --enable-plugin --enable-default-pie --with-system-zlib --with-target-system-zlib --enable-objc-gc=auto --enable-multiarch --disable-werror --with-arch-32=i686 --with-abi=m64 --with-multilib-list=m32,m64,mx32 --enable-multilib --with-tune=generic --enable-offload-targets=nvptx-none --without-cuda-driver --enable-checking=release --build=x86_64-linux-gnu --host=x86_64-linux-gnu --target=x86_64-linux-gnu
Thread model: posix
gcc version 7.4.0 (Ubuntu 7.4.0-1ubuntu1~18.04.1) 
configure:3332: $? = 0
configure:3334: g++ -V </dev/null >&5
g++: error: unrecognized command line option '-V'
g++: fatal error: no input files
compilation terminated.
configure:3337: $? = 1
configure:3340: checking whether we are using the GNU C++ compiler
configure:3361: g++ -c   conftest.cc >&5
configure:3364: $? = 0
configure:3367: test -s conftest.o
configure:3370: $? = 0
configure:3382: result: yes
configure:3388: checking whether g++ accepts -g
configure:3406: g++ -c -g  conftest.cc >&5
configure:3409: $? = 0
configure:3412: test -s conftest.o
configure:3415: $? = 0
configure:3425: result: yes
configure:3465: g++ -c -g -O2  conftest.cc >&5
configure:3468: $? = 0
configure:3471: test -s conftest.o
configure:3474: $? = 0
configure:3496: g++ -c -g -O2  conftest.cc >&5
configure: In function 'int main()':
configure:3489:1: error: 'exit' was not declared in this scope
 {
 ^   
configure:3499: $? = 1
configure: failed program was:
#line 3484 "configure"
#include "confdefs.h"

int
main ()
{
exit (42);
  ;
  return 0;
}
configure:3465: g++ -c -g -O2  conftest.cc >&5
configure:3468: $? = 0
configure:3471: test -s conftest.o
configure:3474: $? = 0
configure:3496: g++ -c -g -O2  conftest.cc >&5
configure:3499: $? = 0
configure:3502: test -s conftest.o
configure:3505: $? = 0
configure:3532: checking how to run the C++ preprocessor
configure:3554: g++ -E  conftest.cc
configure:3560: $? = 0
configure:3587: g++ -E  conftest.cc
configure:3584:10: fatal error: ac_nonexistent.h: No such file or directory
 #include "confdefs.h"
          ^~~~~~~~~~~~      
compilation terminated.
configure:3593: $? = 1
configure: failed program was:
#line 3583 "configure"
#include "confdefs.h"
#include <ac_nonexistent.h>
configure:3630: result: g++ -E
configure:3645: g++ -E  conftest.cc
configure:3651: $? = 0
configure:3678: g++ -E  conftest.cc
configure:3675:10: fatal error: ac_nonexistent.h: No such file or directory
 #include "confdefs.h"
          ^~~~~~~~~~~~      
compilation terminated.
configure:3684: $? = 1
configure: failed program was:
#line 3674 "configure"
#include "confdefs.h"
#include <ac_nonexistent.h>
configure:3732: checking for x86_64-unknown-linux-gnu-g77
configure:3758: result: no
configure:3732: checking for x86_64-unknown-linux-gnu-f77
configure:3758: result: no
configure:3732: checking for x86_64-unknown-linux-gnu-xlf
configure:3758: result: no
configure:3732: checking for x86_64-unknown-linux-gnu-cf77
configure:3758: result: no
configure:3732: checking for x86_64-unknown-linux-gnu-cft77
configure:3758: result: no
configure:3732: checking for x86_64-unknown-linux-gnu-frt
configure:3758: result: no
configure:3732: checking for x86_64-unknown-linux-gnu-pgf77
configure:3758: result: no
configure:3732: checking for x86_64-unknown-linux-gnu-fl32
configure:3758: result: no
configure:3732: checking for x86_64-unknown-linux-gnu-af77
configure:3758: result: no
configure:3732: checking for x86_64-unknown-linux-gnu-fort77
configure:3758: result: no
configure:3732: checking for x86_64-unknown-linux-gnu-f90
configure:3758: result: no
configure:3732: checking for x86_64-unknown-linux-gnu-xlf90
configure:3758: result: no
configure:3732: checking for x86_64-unknown-linux-gnu-pgf90
configure:3758: result: no
configure:3732: checking for x86_64-unknown-linux-gnu-epcf90
configure:3758: result: no
configure:3732: checking for x86_64-unknown-linux-gnu-f95
configure:3758: result: no
configure:3732: checking for x86_64-unknown-linux-gnu-fort
configure:3758: result: no
configure:3732: checking for x86_64-unknown-linux-gnu-xlf95
configure:3758: result: no
configure:3732: checking for x86_64-unknown-linux-gnu-lf95
configure:3758: result: no
configure:3732: checking for x86_64-unknown-linux-gnu-g95
configure:3758: result: no
configure:3732: checking for x86_64-unknown-linux-gnu-fc
configure:3758: result: no
configure:3771: checking for g77
configure:3797: result: no
configure:3771: checking for f77
configure:3797: result: no
configure:3771: checking for xlf
configure:3797: result: no
configure:3771: checking for cf77
configure:3797: result: no
configure:3771: checking for cft77
configure:3797: result: no
configure:3771: checking for frt
configure:3797: result: no
configure:3771: checking for pgf77
configure:3797: result: no
configure:3771: checking for fl32
configure:3797: result: no
configure:3771: checking for af77
configure:3797: result: no
configure:3771: checking for fort77
configure:3797: result: no
configure:3771: checking for f90
configure:3797: result: no
configure:3771: checking for xlf90
configure:3797: result: no
configure:3771: checking for pgf90
configure:3797: result: no
configure:3771: checking for epcf90
configure:3797: result: no
configure:3771: checking for f95
configure:3797: result: no
configure:3771: checking for fort
configure:3797: result: no
configure:3771: checking for xlf95
configure:3797: result: no
configure:3771: checking for lf95
configure:3797: result: no
configure:3771: checking for g95
configure:3797: result: no
configure:3771: checking for fc
configure:3797: result: no
configure:3808: checking for Fortran 77 compiler version
configure:3811:  --version </dev/null >&5
./configure: 1: eval: --version: not found
configure:3814: $? = 127
configure:3816:  -v </dev/null >&5
./configure: 1: eval: -v: not found
configure:3819: $? = 127
configure:3821:  -V </dev/null >&5
./configure: 1: eval: -V: not found
configure:3824: $? = 127
configure:3831: checking whether we are using the GNU Fortran 77 compiler
configure:3845:  -c  conftest.F >&5
./configure: 1: eval: -c: not found
configure:3848: $? = 127
configure: failed program was:
      program main
#ifndef __GNUC__
       choke me
#endif

      end
configure:3866: result: no
configure:3873: checking whether  accepts -g
configure:3885:  -c -g conftest.f >&5
./configure: 1: eval: -c: not found
configure:3888: $? = 127
configure: failed program was:
      program main

      end
configure:3905: result: no
configure:3931: checking the maximum length of command line arguments
configure:3996: result: 32768
configure:4004: checking command to parse nm output from gcc object
configure:4093: gcc -c -D_GNU_SOURCE -O2  -DLIBDIR="/usr/local/lib" -DSYSCONFDIR="/usr/local/etc" -DLIBEXECDIR="/usr/local/libexec" -DLOCALSTATEDIR="/usr/local/var" -DPROGNAME="unicornscan" -I/home/taran/Desktop/docker/nginx_vanilla/unicornscan-0.4.7/src -I/home/taran/Desktop/docker/nginx_vanilla/unicornscan-0.4.7/libs/fake/include -I/home/taran/Desktop/docker/nginx_vanilla/unicornscan-0.4.7/ext_src   conftest.c >&5
configure:4096: $? = 0
configure:4100: nm conftest.o \| sed -n -e 's/^.*[ 	]\([ABCDGIRSTW][ABCDGIRSTW]*\)[ 	][ 	]*\(\)\([_A-Za-z][_A-Za-z0-9]*\)$/  /p' \> conftest.nm
configure:4103: $? = 0
configure:4155: gcc -o conftest -D_GNU_SOURCE -O2  -DLIBDIR="/usr/local/lib" -DSYSCONFDIR="/usr/local/etc" -DLIBEXECDIR="/usr/local/libexec" -DLOCALSTATEDIR="/usr/local/var" -DPROGNAME="unicornscan" -I/home/taran/Desktop/docker/nginx_vanilla/unicornscan-0.4.7/src -I/home/taran/Desktop/docker/nginx_vanilla/unicornscan-0.4.7/libs/fake/include -I/home/taran/Desktop/docker/nginx_vanilla/unicornscan-0.4.7/ext_src    conftest.c conftstm.o >&5
configure:4158: $? = 0
configure:4196: result: ok
configure:4200: checking for objdir
configure:4215: result: .libs
configure:4263: checking for x86_64-unknown-linux-gnu-ar
configure:4289: result: no
configure:4298: checking for ar
configure:4313: found /usr/bin/ar
configure:4322: result: ar
configure:4337: checking for x86_64-unknown-linux-gnu-ranlib
configure:4363: result: no
configure:4372: checking for ranlib
configure:4387: found /usr/bin/ranlib
configure:4396: result: ranlib
configure:4411: checking for x86_64-unknown-linux-gnu-strip
configure:4437: result: no
configure:4446: checking for strip
configure:4461: found /usr/bin/strip
configure:4470: result: strip
configure:4726: checking if gcc static flag  works
configure:4749: result: yes
configure:4763: checking if gcc supports -fno-rtti -fno-exceptions
configure:4781: gcc -c -D_GNU_SOURCE -O2  -DLIBDIR="/usr/local/lib" -DSYSCONFDIR="/usr/local/etc" -DLIBEXECDIR="/usr/local/libexec" -DLOCALSTATEDIR="/usr/local/var" -DPROGNAME="unicornscan" -I/home/taran/Desktop/docker/nginx_vanilla/unicornscan-0.4.7/src -I/home/taran/Desktop/docker/nginx_vanilla/unicornscan-0.4.7/libs/fake/include -I/home/taran/Desktop/docker/nginx_vanilla/unicornscan-0.4.7/ext_src   -fno-rtti -fno-exceptions conftest.c >&5
cc1: warning: command line option '-fno-rtti' is valid for C++/ObjC++ but not for C
configure:4785: $? = 0
configure:4796: result: no
configure:4811: checking for gcc option to produce PIC
configure:4988: result: -fPIC
configure:4996: checking if gcc PIC flag -fPIC works
configure:5014: gcc -c -D_GNU_SOURCE -O2  -DLIBDIR="/usr/local/lib" -DSYSCONFDIR="/usr/local/etc" -DLIBEXECDIR="/usr/local/libexec" -DLOCALSTATEDIR="/usr/local/var" -DPROGNAME="unicornscan" -I/home/taran/Desktop/docker/nginx_vanilla/unicornscan-0.4.7/src -I/home/taran/Desktop/docker/nginx_vanilla/unicornscan-0.4.7/libs/fake/include -I/home/taran/Desktop/docker/nginx_vanilla/unicornscan-0.4.7/ext_src   -fPIC -DPIC conftest.c >&5
configure:5018: $? = 0
configure:5029: result: yes
configure:5053: checking if gcc supports -c -o file.o
configure:5074: gcc -c -D_GNU_SOURCE -O2  -DLIBDIR="/usr/local/lib" -DSYSCONFDIR="/usr/local/etc" -DLIBEXECDIR="/usr/local/libexec" -DLOCALSTATEDIR="/usr/local/var" -DPROGNAME="unicornscan" -I/home/taran/Desktop/docker/nginx_vanilla/unicornscan-0.4.7/src -I/home/taran/Desktop/docker/nginx_vanilla/unicornscan-0.4.7/libs/fake/include -I/home/taran/Desktop/docker/nginx_vanilla/unicornscan-0.4.7/ext_src   -o out/conftest2.o conftest.c >&5
configure:5078: $? = 0
configure:5098: result: yes
configure:5123: checking whether the gcc linker (/usr/bin/ld -m elf_x86_64) supports shared libraries
configure:5941: result: yes
configure:6012: checking dynamic linker characteristics
configure:6552: result: GNU/Linux ld.so
configure:6556: checking how to hardcode library paths into programs
configure:6581: result: immediate
configure:6595: checking whether stripping libraries is possible
configure:6600: result: yes
configure:6711: checking for shl_load
configure:6748: gcc -o conftest -D_GNU_SOURCE -O2  -DLIBDIR="/usr/local/lib" -DSYSCONFDIR="/usr/local/etc" -DLIBEXECDIR="/usr/local/libexec" -DLOCALSTATEDIR="/usr/local/var" -DPROGNAME="unicornscan" -I/home/taran/Desktop/docker/nginx_vanilla/unicornscan-0.4.7/src -I/home/taran/Desktop/docker/nginx_vanilla/unicornscan-0.4.7/libs/fake/include -I/home/taran/Desktop/docker/nginx_vanilla/unicornscan-0.4.7/ext_src    conftest.c  >&5
/tmp/ccdq37eX.o: In function `main':
conftest.c:(.text.startup+0x3): undefined reference to `shl_load'
collect2: error: ld returned 1 exit status
configure:6751: $? = 1
configure: failed program was:
#line 6717 "configure"
#include "confdefs.h"
/* System header to define __stub macros and hopefully few prototypes,
    which can conflict with char shl_load (); below.  */
#include <assert.h>
/* Override any gcc2 internal prototype to avoid an error.  */
#ifdef __cplusplus
extern "C"
#endif
/* We use char because int might match the return type of a gcc2
   builtin and then its argument prototype would still apply.  */
char shl_load ();
char (*f) ();

int
main ()
{
/* The GNU C library defines this for functions which it implements
    to always fail with ENOSYS.  Some functions are actually named
    something starting with __ and the normal name is an alias.  */
#if defined (__stub_shl_load) || defined (__stub___shl_load)
choke me
#else
f = shl_load;
#endif

  ;
  return 0;
}
configure:6767: result: no
configure:6772: checking for shl_load in -ldld
configure:6799: gcc -o conftest -D_GNU_SOURCE -O2  -DLIBDIR="/usr/local/lib" -DSYSCONFDIR="/usr/local/etc" -DLIBEXECDIR="/usr/local/libexec" -DLOCALSTATEDIR="/usr/local/var" -DPROGNAME="unicornscan" -I/home/taran/Desktop/docker/nginx_vanilla/unicornscan-0.4.7/src -I/home/taran/Desktop/docker/nginx_vanilla/unicornscan-0.4.7/libs/fake/include -I/home/taran/Desktop/docker/nginx_vanilla/unicornscan-0.4.7/ext_src    conftest.c -ldld   >&5
/usr/bin/ld: cannot find -ldld
collect2: error: ld returned 1 exit status
configure:6802: $? = 1
configure: failed program was:
#line 6780 "configure"
#include "confdefs.h"

/* Override any gcc2 internal prototype to avoid an error.  */
#ifdef __cplusplus
extern "C"
#endif
/* We use char because int might match the return type of a gcc2
   builtin and then its argument prototype would still apply.  */
char shl_load ();
int
main ()
{
shl_load ();
  ;
  return 0;
}
configure:6819: result: no
configure:6824: checking for dlopen
configure:6861: gcc -o conftest -D_GNU_SOURCE -O2  -DLIBDIR="/usr/local/lib" -DSYSCONFDIR="/usr/local/etc" -DLIBEXECDIR="/usr/local/libexec" -DLOCALSTATEDIR="/usr/local/var" -DPROGNAME="unicornscan" -I/home/taran/Desktop/docker/nginx_vanilla/unicornscan-0.4.7/src -I/home/taran/Desktop/docker/nginx_vanilla/unicornscan-0.4.7/libs/fake/include -I/home/taran/Desktop/docker/nginx_vanilla/unicornscan-0.4.7/ext_src    conftest.c  >&5
/tmp/ccT9etZ2.o: In function `main':
conftest.c:(.text.startup+0x3): undefined reference to `dlopen'
collect2: error: ld returned 1 exit status
configure:6864: $? = 1
configure: failed program was:
#line 6830 "configure"
#include "confdefs.h"
/* System header to define __stub macros and hopefully few prototypes,
    which can conflict with char dlopen (); below.  */
#include <assert.h>
/* Override any gcc2 internal prototype to avoid an error.  */
#ifdef __cplusplus
extern "C"
#endif
/* We use char because int might match the return type of a gcc2
   builtin and then its argument prototype would still apply.  */
char dlopen ();
char (*f) ();

int
main ()
{
/* The GNU C library defines this for functions which it implements
    to always fail with ENOSYS.  Some functions are actually named
    something starting with __ and the normal name is an alias.  */
#if defined (__stub_dlopen) || defined (__stub___dlopen)
choke me
#else
f = dlopen;
#endif

  ;
  return 0;
}
configure:6880: result: no
configure:6885: checking for dlopen in -ldl
configure:6912: gcc -o conftest -D_GNU_SOURCE -O2  -DLIBDIR="/usr/local/lib" -DSYSCONFDIR="/usr/local/etc" -DLIBEXECDIR="/usr/local/libexec" -DLOCALSTATEDIR="/usr/local/var" -DPROGNAME="unicornscan" -I/home/taran/Desktop/docker/nginx_vanilla/unicornscan-0.4.7/src -I/home/taran/Desktop/docker/nginx_vanilla/unicornscan-0.4.7/libs/fake/include -I/home/taran/Desktop/docker/nginx_vanilla/unicornscan-0.4.7/ext_src    conftest.c -ldl   >&5
configure:6915: $? = 0
configure:6918: test -s conftest
configure:6921: $? = 0
configure:6932: result: yes
configure:7072: checking whether a program can dlopen itself
configure:7144: gcc -o conftest -D_GNU_SOURCE -O2  -DLIBDIR="/usr/local/lib" -DSYSCONFDIR="/usr/local/etc" -DLIBEXECDIR="/usr/local/libexec" -DLOCALSTATEDIR="/usr/local/var" -DPROGNAME="unicornscan" -I/home/taran/Desktop/docker/nginx_vanilla/unicornscan-0.4.7/src -I/home/taran/Desktop/docker/nginx_vanilla/unicornscan-0.4.7/libs/fake/include -I/home/taran/Desktop/docker/nginx_vanilla/unicornscan-0.4.7/ext_src   -DHAVE_DLFCN_H  --export-dynamic conftest.c -ldl  >&5
gcc: error: unrecognized command line option '--export-dynamic'; did you mean '-export-dynamic'?
configure:7147: $? = 1
configure:7164: result: no
configure:7283: checking if libtool supports shared libraries
configure:7285: result: yes
configure:7288: checking whether to build shared libraries
configure:7346: result: no
configure:7349: checking whether to build static libraries
configure:7353: result: yes
configure:7445: creating libtool
configure:7984: checking for ld used by g++
configure:8051: result: /usr/bin/ld -m elf_x86_64
configure:8060: checking if the linker (/usr/bin/ld -m elf_x86_64) is GNU ld
configure:8075: result: yes
configure:8124: checking whether the g++ linker (/usr/bin/ld -m elf_x86_64) supports shared libraries
configure:8922: result: yes
configure:8939: g++ -c -g -O2  conftest.cc >&5
configure:8942: $? = 0
configure:9038: checking for g++ option to produce PIC
configure:9290: result: -fPIC
configure:9298: checking if g++ PIC flag -fPIC works
configure:9316: g++ -c -g -O2  -fPIC -DPIC conftest.cc >&5
configure:9320: $? = 0
configure:9331: result: yes
configure:9355: checking if g++ supports -c -o file.o
configure:9376: g++ -c -g -O2  -o out/conftest2.o conftest.cc >&5
configure:9380: $? = 0
configure:9400: result: yes
configure:9425: checking whether the g++ linker (/usr/bin/ld -m elf_x86_64) supports shared libraries
configure:9450: result: yes
configure:9521: checking dynamic linker characteristics
configure:10061: result: GNU/Linux ld.so
configure:10065: checking how to hardcode library paths into programs
configure:10090: result: immediate
configure:10104: checking whether stripping libraries is possible
configure:10109: result: yes
configure:10220: checking for shl_load
configure:10276: result: no
configure:10281: checking for shl_load in -ldld
configure:10328: result: no
configure:10333: checking for dlopen
configure:10389: result: no
configure:10394: checking for dlopen in -ldl
configure:10441: result: yes
configure:10581: checking whether a program can dlopen itself
configure:10673: result: no
configure:16953: checking for Python
configure:17175: checking for gethostbyname
configure:17212: gcc -o conftest -D_GNU_SOURCE -O2  -DLIBDIR="/usr/local/lib" -DSYSCONFDIR="/usr/local/etc" -DLIBEXECDIR="/usr/local/libexec" -DLOCALSTATEDIR="/usr/local/var" -DPROGNAME="unicornscan" -I/home/taran/Desktop/docker/nginx_vanilla/unicornscan-0.4.7/src -I/home/taran/Desktop/docker/nginx_vanilla/unicornscan-0.4.7/libs/fake/include -I/home/taran/Desktop/docker/nginx_vanilla/unicornscan-0.4.7/ext_src    conftest.c  >&5
configure:17215: $? = 0
configure:17218: test -s conftest
configure:17221: $? = 0
configure:17231: result: yes
configure:17476: checking for socket
configure:17513: gcc -o conftest -D_GNU_SOURCE -O2  -DLIBDIR="/usr/local/lib" -DSYSCONFDIR="/usr/local/etc" -DLIBEXECDIR="/usr/local/libexec" -DLOCALSTATEDIR="/usr/local/var" -DPROGNAME="unicornscan" -I/home/taran/Desktop/docker/nginx_vanilla/unicornscan-0.4.7/src -I/home/taran/Desktop/docker/nginx_vanilla/unicornscan-0.4.7/libs/fake/include -I/home/taran/Desktop/docker/nginx_vanilla/unicornscan-0.4.7/ext_src    conftest.c  >&5
configure:17516: $? = 0
configure:17519: test -s conftest
configure:17522: $? = 0
configure:17532: result: yes
configure:17654: checking for putmsg in -lstr
configure:17681: gcc -o conftest -D_GNU_SOURCE -O2  -DLIBDIR="/usr/local/lib" -DSYSCONFDIR="/usr/local/etc" -DLIBEXECDIR="/usr/local/libexec" -DLOCALSTATEDIR="/usr/local/var" -DPROGNAME="unicornscan" -I/home/taran/Desktop/docker/nginx_vanilla/unicornscan-0.4.7/src -I/home/taran/Desktop/docker/nginx_vanilla/unicornscan-0.4.7/libs/fake/include -I/home/taran/Desktop/docker/nginx_vanilla/unicornscan-0.4.7/ext_src    conftest.c -lstr   >&5
/usr/bin/ld: cannot find -lstr
collect2: error: ld returned 1 exit status
configure:17684: $? = 1
configure: failed program was:
#line 17662 "configure"
#include "confdefs.h"

/* Override any gcc2 internal prototype to avoid an error.  */
#ifdef __cplusplus
extern "C"
#endif
/* We use char because int might match the return type of a gcc2
   builtin and then its argument prototype would still apply.  */
char putmsg ();
int
main ()
{
putmsg ();
  ;
  return 0;
}
configure:17701: result: no
configure:17712: checking for open_mib in -lnm
configure:17739: gcc -o conftest -D_GNU_SOURCE -O2  -DLIBDIR="/usr/local/lib" -DSYSCONFDIR="/usr/local/etc" -DLIBEXECDIR="/usr/local/libexec" -DLOCALSTATEDIR="/usr/local/var" -DPROGNAME="unicornscan" -I/home/taran/Desktop/docker/nginx_vanilla/unicornscan-0.4.7/src -I/home/taran/Desktop/docker/nginx_vanilla/unicornscan-0.4.7/libs/fake/include -I/home/taran/Desktop/docker/nginx_vanilla/unicornscan-0.4.7/ext_src    conftest.c -lnm   >&5
/usr/bin/ld: cannot find -lnm
collect2: error: ld returned 1 exit status
configure:17742: $? = 1
configure: failed program was:
#line 17720 "configure"
#include "confdefs.h"

/* Override any gcc2 internal prototype to avoid an error.  */
#ifdef __cplusplus
extern "C"
#endif
/* We use char because int might match the return type of a gcc2
   builtin and then its argument prototype would still apply.  */
char open_mib ();
int
main ()
{
open_mib ();
  ;
  return 0;
}
configure:17759: result: no
configure:17772: checking for Check
configure:17810: result: no
configure:17824: checking for ANSI C header files
configure:17838: gcc -E  conftest.c
configure:17844: $? = 0
configure:17931: gcc -o conftest -D_GNU_SOURCE -O2  -DLIBDIR="/usr/local/lib" -DSYSCONFDIR="/usr/local/etc" -DLIBEXECDIR="/usr/local/libexec" -DLOCALSTATEDIR="/usr/local/var" -DPROGNAME="unicornscan" -I/home/taran/Desktop/docker/nginx_vanilla/unicornscan-0.4.7/src -I/home/taran/Desktop/docker/nginx_vanilla/unicornscan-0.4.7/libs/fake/include -I/home/taran/Desktop/docker/nginx_vanilla/unicornscan-0.4.7/ext_src    conftest.c  >&5
configure: In function 'main':
configure:17923:7: warning: implicit declaration of function 'exit' [-Wimplicit-function-declaration]
   for (i = 0; i < 256; i++)
       ^~~~
configure:17923:7: warning: incompatible implicit declaration of built-in function 'exit'
configure:17923:7: note: include '<stdlib.h>' or provide a declaration of 'exit'
configure:17924:3: warning: incompatible implicit declaration of built-in function 'exit'
     if (XOR (islower (i), ISLOWER (i))
   ^ ~~
configure:17924:3: note: include '<stdlib.h>' or provide a declaration of 'exit'
configure:17934: $? = 0
configure:17936: ./conftest
configure:17939: $? = 0
configure:17952: result: yes
configure:18017: checking for fcntl.h
configure:18027: gcc -E  conftest.c
configure:18033: $? = 0
configure:18052: result: yes
configure:18017: checking for unistd.h
configure:18027: gcc -E  conftest.c
configure:18033: $? = 0
configure:18052: result: yes
configure:18067: checking for sys/bufmod.h
configure:18077: gcc -E  conftest.c
configure:18074:10: fatal error: sys/bufmod.h: No such file or directory
 #include "confdefs.h"
          ^~~~~~~~~~~~  
compilation terminated.
configure:18083: $? = 1
configure: failed program was:
#line 18073 "configure"
#include "confdefs.h"
#include <sys/bufmod.h>
configure:18102: result: no
configure:18067: checking for sys/dlpi.h
configure:18077: gcc -E  conftest.c
configure:18074:10: fatal error: sys/dlpi.h: No such file or directory
 #include "confdefs.h"
          ^~~~~~~~~~~~
compilation terminated.
configure:18083: $? = 1
configure: failed program was:
#line 18073 "configure"
#include "confdefs.h"
#include <sys/dlpi.h>
configure:18102: result: no
configure:18067: checking for sys/dlpihdr.h
configure:18077: gcc -E  conftest.c
configure:18074:10: fatal error: sys/dlpihdr.h: No such file or directory
 #include "confdefs.h"
          ^~~~~~~~~~~~   
compilation terminated.
configure:18083: $? = 1
configure: failed program was:
#line 18073 "configure"
#include "confdefs.h"
#include <sys/dlpihdr.h>
configure:18102: result: no
configure:18067: checking for sys/dlpi_ext.h
configure:18077: gcc -E  conftest.c
configure:18074:10: fatal error: sys/dlpi_ext.h: No such file or directory
 #include "confdefs.h"
          ^~~~~~~~~~~~    
compilation terminated.
configure:18083: $? = 1
configure: failed program was:
#line 18073 "configure"
#include "confdefs.h"
#include <sys/dlpi_ext.h>
configure:18102: result: no
configure:18067: checking for sys/ioctl.h
configure:18077: gcc -E  conftest.c
configure:18083: $? = 0
configure:18102: result: yes
configure:18067: checking for sys/mib.h
configure:18077: gcc -E  conftest.c
configure:18074:10: fatal error: sys/mib.h: No such file or directory
 #include "confdefs.h"
          ^~~~~~~~~~~
compilation terminated.
configure:18083: $? = 1
configure: failed program was:
#line 18073 "configure"
#include "confdefs.h"
#include <sys/mib.h>
configure:18102: result: no
configure:18067: checking for sys/ndd_var.h
configure:18077: gcc -E  conftest.c
configure:18074:10: fatal error: sys/ndd_var.h: No such file or directory
 #include "confdefs.h"
          ^~~~~~~~~~~~   
compilation terminated.
configure:18083: $? = 1
configure: failed program was:
#line 18073 "configure"
#include "confdefs.h"
#include <sys/ndd_var.h>
configure:18102: result: no
configure:18067: checking for sys/socket.h
configure:18077: gcc -E  conftest.c
configure:18083: $? = 0
configure:18102: result: yes
configure:18067: checking for sys/sockio.h
configure:18077: gcc -E  conftest.c
configure:18074:10: fatal error: sys/sockio.h: No such file or directory
 #include "confdefs.h"
          ^~~~~~~~~~~~  
compilation terminated.
configure:18083: $? = 1
configure: failed program was:
#line 18073 "configure"
#include "confdefs.h"
#include <sys/sockio.h>
configure:18102: result: no
configure:18067: checking for sys/sysctl.h
configure:18077: gcc -E  conftest.c
configure:18083: $? = 0
configure:18102: result: yes
configure:18067: checking for sys/time.h
configure:18077: gcc -E  conftest.c
configure:18083: $? = 0
configure:18102: result: yes
configure:18119: checking for net/bpf.h
configure:18129: gcc -E  conftest.c
configure:18126:10: fatal error: net/bpf.h: No such file or directory
 #include "confdefs.h"
          ^~~~~~~~~~~
compilation terminated.
configure:18135: $? = 1
configure: failed program was:
#line 18125 "configure"
#include "confdefs.h"
#include <net/bpf.h>
configure:18154: result: no
configure:18119: checking for net/if.h
configure:18129: gcc -E  conftest.c
configure:18135: $? = 0
configure:18154: result: yes
configure:18119: checking for net/if_var.h
configure:18129: gcc -E  conftest.c
configure:18126:10: fatal error: net/if_var.h: No such file or directory
 #include "confdefs.h"
          ^~~~~~~~~~~~  
compilation terminated.
configure:18135: $? = 1
configure: failed program was:
#line 18125 "configure"
#include "confdefs.h"
#include <net/if_var.h>
configure:18154: result: no
configure:18119: checking for net/if_arp.h
configure:18129: gcc -E  conftest.c
configure:18135: $? = 0
configure:18154: result: yes
configure:18119: checking for net/if_dl.h
configure:18129: gcc -E  conftest.c
configure:18126:10: fatal error: net/if_dl.h: No such file or directory
 #include "confdefs.h"
          ^~~~~~~~~~~~ 
compilation terminated.
configure:18135: $? = 1
configure: failed program was:
#line 18125 "configure"
#include "confdefs.h"
#include <net/if_dl.h>
configure:18154: result: no
configure:18119: checking for net/pfilt.h
configure:18129: gcc -E  conftest.c
configure:18126:10: fatal error: net/pfilt.h: No such file or directory
 #include "confdefs.h"
          ^~~~~~~~~~~~ 
compilation terminated.
configure:18135: $? = 1
configure: failed program was:
#line 18125 "configure"
#include "confdefs.h"
#include <net/pfilt.h>
configure:18154: result: no
configure:18119: checking for net/pfvar.h
configure:18129: gcc -E  conftest.c
configure:18126:10: fatal error: net/pfvar.h: No such file or directory
 #include "confdefs.h"
          ^~~~~~~~~~~~ 
compilation terminated.
configure:18135: $? = 1
configure: failed program was:
#line 18125 "configure"
#include "confdefs.h"
#include <net/pfvar.h>
configure:18154: result: no
configure:18119: checking for net/radix.h
configure:18129: gcc -E  conftest.c
configure:18126:10: fatal error: net/radix.h: No such file or directory
 #include "confdefs.h"
          ^~~~~~~~~~~~ 
compilation terminated.
configure:18135: $? = 1
configure: failed program was:
#line 18125 "configure"
#include "confdefs.h"
#include <net/radix.h>
configure:18154: result: no
configure:18119: checking for net/raw.h
configure:18129: gcc -E  conftest.c
configure:18126:10: fatal error: net/raw.h: No such file or directory
 #include "confdefs.h"
          ^~~~~~~~~~~
compilation terminated.
configure:18135: $? = 1
configure: failed program was:
#line 18125 "configure"
#include "confdefs.h"
#include <net/raw.h>
configure:18154: result: no
configure:18119: checking for net/route.h
configure:18129: gcc -E  conftest.c
configure:18135: $? = 0
configure:18154: result: yes
configure:18119: checking for netinet/in_var.h
configure:18129: gcc -E  conftest.c
configure:18126:10: fatal error: netinet/in_var.h: No such file or directory
 #include "confdefs.h"
          ^~~~~~~~~~~~      
compilation terminated.
configure:18135: $? = 1
configure: failed program was:
#line 18125 "configure"
#include "confdefs.h"
#include <netinet/in_var.h>
configure:18154: result: no
configure:18119: checking for net/if_tun.h
configure:18129: gcc -E  conftest.c
configure:18126:10: fatal error: net/if_tun.h: No such file or directory
 #include "confdefs.h"
          ^~~~~~~~~~~~  
compilation terminated.
configure:18135: $? = 1
configure: failed program was:
#line 18125 "configure"
#include "confdefs.h"
#include <net/if_tun.h>
configure:18154: result: no
configure:18119: checking for linux/if_tun.h
configure:18129: gcc -E  conftest.c
configure:18135: $? = 0
configure:18154: result: yes
configure:18119: checking for netinet/ip_fw.h
configure:18129: gcc -E  conftest.c
configure:18126:10: fatal error: netinet/ip_fw.h: No such file or directory
 #include "confdefs.h"
          ^~~~~~~~~~~~     
compilation terminated.
configure:18135: $? = 1
configure: failed program was:
#line 18125 "configure"
#include "confdefs.h"
#include <netinet/ip_fw.h>
configure:18154: result: no
configure:18119: checking for linux/ip_fw.h
configure:18129: gcc -E  conftest.c
configure:18126:10: fatal error: linux/ip_fw.h: No such file or directory
 #include "confdefs.h"
          ^~~~~~~~~~~~   
compilation terminated.
configure:18135: $? = 1
configure: failed program was:
#line 18125 "configure"
#include "confdefs.h"
#include <linux/ip_fw.h>
configure:18154: result: no
configure:18119: checking for linux/ip_fwchains.h
configure:18129: gcc -E  conftest.c
configure:18126:10: fatal error: linux/ip_fwchains.h: No such file or directory
 #include "confdefs.h"
          ^~~~~~~~~~~~         
compilation terminated.
configure:18135: $? = 1
configure: failed program was:
#line 18125 "configure"
#include "confdefs.h"
#include <linux/ip_fwchains.h>
configure:18154: result: no
configure:18119: checking for linux/netfilter_ipv4/ipchains_core.h
configure:18129: gcc -E  conftest.c
configure:18126:10: fatal error: linux/netfilter_ipv4/ipchains_core.h: No such file or directory
 #include "confdefs.h"
          ^~~~~~~~~~~~                          
compilation terminated.
configure:18135: $? = 1
configure: failed program was:
#line 18125 "configure"
#include "confdefs.h"
#include <linux/netfilter_ipv4/ipchains_core.h>
configure:18154: result: no
configure:18168: checking for ip_fil_compat.h
configure:18178: gcc -E  conftest.c
configure:18175:10: fatal error: ip_fil_compat.h: No such file or directory
 #include "confdefs.h"
          ^~~~~~~~~~~~     
compilation terminated.
configure:18184: $? = 1
configure: failed program was:
#line 18174 "configure"
#include "confdefs.h"
#include <ip_fil_compat.h>
configure:18203: result: no
configure:18168: checking for netinet/ip_fil_compat.h
configure:18178: gcc -E  conftest.c
configure:18175:10: fatal error: netinet/ip_fil_compat.h: No such file or directory
 #include "confdefs.h"
          ^~~~~~~~~~~~             
compilation terminated.
configure:18184: $? = 1
configure: failed program was:
#line 18174 "configure"
#include "confdefs.h"
#include <netinet/ip_fil_compat.h>
configure:18203: result: no
configure:18168: checking for ip_compat.h
configure:18178: gcc -E  conftest.c
configure:18175:10: fatal error: ip_compat.h: No such file or directory
 #include "confdefs.h"
          ^~~~~~~~~~~~ 
compilation terminated.
configure:18184: $? = 1
configure: failed program was:
#line 18174 "configure"
#include "confdefs.h"
#include <ip_compat.h>
configure:18203: result: no
configure:18168: checking for netinet/ip_compat.h
configure:18178: gcc -E  conftest.c
configure:18175:10: fatal error: netinet/ip_compat.h: No such file or directory
 #include "confdefs.h"
          ^~~~~~~~~~~~         
compilation terminated.
configure:18184: $? = 1
configure: failed program was:
#line 18174 "configure"
#include "confdefs.h"
#include <netinet/ip_compat.h>
configure:18203: result: no
configure:18168: checking for ip_fil.h
configure:18178: gcc -E  conftest.c
configure:18175:10: fatal error: ip_fil.h: No such file or directory
 #include "confdefs.h"
          ^~~~~~~~~~
compilation terminated.
configure:18184: $? = 1
configure: failed program was:
#line 18174 "configure"
#include "confdefs.h"
#include <ip_fil.h>
configure:18203: result: no
configure:18168: checking for netinet/ip_fil.h
configure:18178: gcc -E  conftest.c
configure:18175:10: fatal error: netinet/ip_fil.h: No such file or directory
 #include "confdefs.h"
          ^~~~~~~~~~~~      
compilation terminated.
configure:18184: $? = 1
configure: failed program was:
#line 18174 "configure"
#include "confdefs.h"
#include <netinet/ip_fil.h>
configure:18203: result: no
configure:18216: checking for hpsecurity.h
configure:18226: gcc -E  conftest.c
configure:18223:10: fatal error: hpsecurity.h: No such file or directory
 #include "confdefs.h"
          ^~~~~~~~~~~~  
compilation terminated.
configure:18232: $? = 1
configure: failed program was:
#line 18222 "configure"
#include "confdefs.h"
#include <hpsecurity.h>
configure:18251: result: no
configure:18216: checking for stropts.h
configure:18226: gcc -E  conftest.c
configure:18232: $? = 0
configure:18251: result: yes
configure:18263: checking for gcc option to accept ANSI C
configure:18320: gcc  -c -D_GNU_SOURCE -O2  -DLIBDIR="/usr/local/lib" -DSYSCONFDIR="/usr/local/etc" -DLIBEXECDIR="/usr/local/libexec" -DLOCALSTATEDIR="/usr/local/var" -DPROGNAME="unicornscan" -I/home/taran/Desktop/docker/nginx_vanilla/unicornscan-0.4.7/src -I/home/taran/Desktop/docker/nginx_vanilla/unicornscan-0.4.7/libs/fake/include -I/home/taran/Desktop/docker/nginx_vanilla/unicornscan-0.4.7/ext_src   conftest.c >&5
configure:18323: $? = 0
configure:18326: test -s conftest.o
configure:18329: $? = 0
configure:18346: result: none needed
configure:18354: checking for an ANSI C-conforming const
configure:18418: gcc -c -D_GNU_SOURCE -O2  -DLIBDIR="/usr/local/lib" -DSYSCONFDIR="/usr/local/etc" -DLIBEXECDIR="/usr/local/libexec" -DLOCALSTATEDIR="/usr/local/var" -DPROGNAME="unicornscan" -I/home/taran/Desktop/docker/nginx_vanilla/unicornscan-0.4.7/src -I/home/taran/Desktop/docker/nginx_vanilla/unicornscan-0.4.7/libs/fake/include -I/home/taran/Desktop/docker/nginx_vanilla/unicornscan-0.4.7/ext_src   conftest.c >&5
configure:18421: $? = 0
configure:18424: test -s conftest.o
configure:18427: $? = 0
configure:18437: result: yes
configure:18447: checking for inline
configure:18464: gcc -c -D_GNU_SOURCE -O2  -DLIBDIR="/usr/local/lib" -DSYSCONFDIR="/usr/local/etc" -DLIBEXECDIR="/usr/local/libexec" -DLOCALSTATEDIR="/usr/local/var" -DPROGNAME="unicornscan" -I/home/taran/Desktop/docker/nginx_vanilla/unicornscan-0.4.7/src -I/home/taran/Desktop/docker/nginx_vanilla/unicornscan-0.4.7/libs/fake/include -I/home/taran/Desktop/docker/nginx_vanilla/unicornscan-0.4.7/ext_src   conftest.c >&5
configure:18467: $? = 0
configure:18470: test -s conftest.o
configure:18473: $? = 0
configure:18484: result: inline
configure:18505: checking for sys/types.h
configure:18517: gcc -c -D_GNU_SOURCE -O2  -DLIBDIR="/usr/local/lib" -DSYSCONFDIR="/usr/local/etc" -DLIBEXECDIR="/usr/local/libexec" -DLOCALSTATEDIR="/usr/local/var" -DPROGNAME="unicornscan" -I/home/taran/Desktop/docker/nginx_vanilla/unicornscan-0.4.7/src -I/home/taran/Desktop/docker/nginx_vanilla/unicornscan-0.4.7/libs/fake/include -I/home/taran/Desktop/docker/nginx_vanilla/unicornscan-0.4.7/ext_src   conftest.c >&5
configure:18520: $? = 0
configure:18523: test -s conftest.o
configure:18526: $? = 0
configure:18536: result: yes
configure:18505: checking for sys/stat.h
configure:18517: gcc -c -D_GNU_SOURCE -O2  -DLIBDIR="/usr/local/lib" -DSYSCONFDIR="/usr/local/etc" -DLIBEXECDIR="/usr/local/libexec" -DLOCALSTATEDIR="/usr/local/var" -DPROGNAME="unicornscan" -I/home/taran/Desktop/docker/nginx_vanilla/unicornscan-0.4.7/src -I/home/taran/Desktop/docker/nginx_vanilla/unicornscan-0.4.7/libs/fake/include -I/home/taran/Desktop/docker/nginx_vanilla/unicornscan-0.4.7/ext_src   conftest.c >&5
configure:18520: $? = 0
configure:18523: test -s conftest.o
configure:18526: $? = 0
configure:18536: result: yes
configure:18505: checking for stdlib.h
configure:18517: gcc -c -D_GNU_SOURCE -O2  -DLIBDIR="/usr/local/lib" -DSYSCONFDIR="/usr/local/etc" -DLIBEXECDIR="/usr/local/libexec" -DLOCALSTATEDIR="/usr/local/var" -DPROGNAME="unicornscan" -I/home/taran/Desktop/docker/nginx_vanilla/unicornscan-0.4.7/src -I/home/taran/Desktop/docker/nginx_vanilla/unicornscan-0.4.7/libs/fake/include -I/home/taran/Desktop/docker/nginx_vanilla/unicornscan-0.4.7/ext_src   conftest.c >&5
configure:18520: $? = 0
configure:18523: test -s conftest.o
configure:18526: $? = 0
configure:18536: result: yes
configure:18505: checking for string.h
configure:18517: gcc -c -D_GNU_SOURCE -O2  -DLIBDIR="/usr/local/lib" -DSYSCONFDIR="/usr/local/etc" -DLIBEXECDIR="/usr/local/libexec" -DLOCALSTATEDIR="/usr/local/var" -DPROGNAME="unicornscan" -I/home/taran/Desktop/docker/nginx_vanilla/unicornscan-0.4.7/src -I/home/taran/Desktop/docker/nginx_vanilla/unicornscan-0.4.7/libs/fake/include -I/home/taran/Desktop/docker/nginx_vanilla/unicornscan-0.4.7/ext_src   conftest.c >&5
configure:18520: $? = 0
configure:18523: test -s conftest.o
configure:18526: $? = 0
configure:18536: result: yes
configure:18505: checking for memory.h
configure:18517: gcc -c -D_GNU_SOURCE -O2  -DLIBDIR="/usr/local/lib" -DSYSCONFDIR="/usr/local/etc" -DLIBEXECDIR="/usr/local/libexec" -DLOCALSTATEDIR="/usr/local/var" -DPROGNAME="unicornscan" -I/home/taran/Desktop/docker/nginx_vanilla/unicornscan-0.4.7/src -I/home/taran/Desktop/docker/nginx_vanilla/unicornscan-0.4.7/libs/fake/include -I/home/taran/Desktop/docker/nginx_vanilla/unicornscan-0.4.7/ext_src   conftest.c >&5
configure:18520: $? = 0
configure:18523: test -s conftest.o
configure:18526: $? = 0
configure:18536: result: yes
configure:18505: checking for strings.h
configure:18517: gcc -c -D_GNU_SOURCE -O2  -DLIBDIR="/usr/local/lib" -DSYSCONFDIR="/usr/local/etc" -DLIBEXECDIR="/usr/local/libexec" -DLOCALSTATEDIR="/usr/local/var" -DPROGNAME="unicornscan" -I/home/taran/Desktop/docker/nginx_vanilla/unicornscan-0.4.7/src -I/home/taran/Desktop/docker/nginx_vanilla/unicornscan-0.4.7/libs/fake/include -I/home/taran/Desktop/docker/nginx_vanilla/unicornscan-0.4.7/ext_src   conftest.c >&5
configure:18520: $? = 0
configure:18523: test -s conftest.o
configure:18526: $? = 0
configure:18536: result: yes
configure:18505: checking for inttypes.h
configure:18517: gcc -c -D_GNU_SOURCE -O2  -DLIBDIR="/usr/local/lib" -DSYSCONFDIR="/usr/local/etc" -DLIBEXECDIR="/usr/local/libexec" -DLOCALSTATEDIR="/usr/local/var" -DPROGNAME="unicornscan" -I/home/taran/Desktop/docker/nginx_vanilla/unicornscan-0.4.7/src -I/home/taran/Desktop/docker/nginx_vanilla/unicornscan-0.4.7/libs/fake/include -I/home/taran/Desktop/docker/nginx_vanilla/unicornscan-0.4.7/ext_src   conftest.c >&5
configure:18520: $? = 0
configure:18523: test -s conftest.o
configure:18526: $? = 0
configure:18536: result: yes
configure:18505: checking for stdint.h
configure:18517: gcc -c -D_GNU_SOURCE -O2  -DLIBDIR="/usr/local/lib" -DSYSCONFDIR="/usr/local/etc" -DLIBEXECDIR="/usr/local/libexec" -DLOCALSTATEDIR="/usr/local/var" -DPROGNAME="unicornscan" -I/home/taran/Desktop/docker/nginx_vanilla/unicornscan-0.4.7/src -I/home/taran/Desktop/docker/nginx_vanilla/unicornscan-0.4.7/libs/fake/include -I/home/taran/Desktop/docker/nginx_vanilla/unicornscan-0.4.7/ext_src   conftest.c >&5
configure:18520: $? = 0
configure:18523: test -s conftest.o
configure:18526: $? = 0
configure:18536: result: yes
configure:18505: checking for unistd.h
configure:18536: result: yes
configure:18546: checking for pid_t
configure:18567: gcc -c -D_GNU_SOURCE -O2  -DLIBDIR="/usr/local/lib" -DSYSCONFDIR="/usr/local/etc" -DLIBEXECDIR="/usr/local/libexec" -DLOCALSTATEDIR="/usr/local/var" -DPROGNAME="unicornscan" -I/home/taran/Desktop/docker/nginx_vanilla/unicornscan-0.4.7/src -I/home/taran/Desktop/docker/nginx_vanilla/unicornscan-0.4.7/libs/fake/include -I/home/taran/Desktop/docker/nginx_vanilla/unicornscan-0.4.7/ext_src   conftest.c >&5
configure:18570: $? = 0
configure:18573: test -s conftest.o
configure:18576: $? = 0
configure:18586: result: yes
configure:18598: checking for size_t
configure:18619: gcc -c -D_GNU_SOURCE -O2  -DLIBDIR="/usr/local/lib" -DSYSCONFDIR="/usr/local/etc" -DLIBEXECDIR="/usr/local/libexec" -DLOCALSTATEDIR="/usr/local/var" -DPROGNAME="unicornscan" -I/home/taran/Desktop/docker/nginx_vanilla/unicornscan-0.4.7/src -I/home/taran/Desktop/docker/nginx_vanilla/unicornscan-0.4.7/libs/fake/include -I/home/taran/Desktop/docker/nginx_vanilla/unicornscan-0.4.7/ext_src   conftest.c >&5
configure:18622: $? = 0
configure:18625: test -s conftest.o
configure:18628: $? = 0
configure:18638: result: yes
configure:18650: checking for sockaddr_in6 struct in <netinet/in.h>
configure:18671: gcc -c -D_GNU_SOURCE -O2  -DLIBDIR="/usr/local/lib" -DSYSCONFDIR="/usr/local/etc" -DLIBEXECDIR="/usr/local/libexec" -DLOCALSTATEDIR="/usr/local/var" -DPROGNAME="unicornscan" -I/home/taran/Desktop/docker/nginx_vanilla/unicornscan-0.4.7/src -I/home/taran/Desktop/docker/nginx_vanilla/unicornscan-0.4.7/libs/fake/include -I/home/taran/Desktop/docker/nginx_vanilla/unicornscan-0.4.7/ext_src   conftest.c >&5
configure:18674: $? = 0
configure:18677: test -s conftest.o
configure:18680: $? = 0
configure:18691: result: yes
configure:18701: checking for sa_len in sockaddr struct
configure:18724: gcc -c -D_GNU_SOURCE -O2  -DLIBDIR="/usr/local/lib" -DSYSCONFDIR="/usr/local/etc" -DLIBEXECDIR="/usr/local/libexec" -DLOCALSTATEDIR="/usr/local/var" -DPROGNAME="unicornscan" -I/home/taran/Desktop/docker/nginx_vanilla/unicornscan-0.4.7/src -I/home/taran/Desktop/docker/nginx_vanilla/unicornscan-0.4.7/libs/fake/include -I/home/taran/Desktop/docker/nginx_vanilla/unicornscan-0.4.7/ext_src   conftest.c >&5
configure: In function 'main':
configure:18717:40: error: 'struct sockaddr' has no member named 'sa_len'
 {
                                        ^ 
configure:18727: $? = 1
configure: failed program was:
#line 18707 "configure"
#include "confdefs.h"

# ifndef _SOCKADDR_LEN
#	define _SOCKADDR_LEN 1
# endif
#       include <sys/types.h>
#       include <sys/socket.h>
int
main ()
{
u_int i = sizeof(((struct sockaddr *)0)->sa_len)
  ;
  return 0;
}
configure:18744: result: no
configure:18755: checking for arp_dev in arpreq struct
configure:18776: gcc -c -D_GNU_SOURCE -O2  -DLIBDIR="/usr/local/lib" -DSYSCONFDIR="/usr/local/etc" -DLIBEXECDIR="/usr/local/libexec" -DLOCALSTATEDIR="/usr/local/var" -DPROGNAME="unicornscan" -I/home/taran/Desktop/docker/nginx_vanilla/unicornscan-0.4.7/src -I/home/taran/Desktop/docker/nginx_vanilla/unicornscan-0.4.7/libs/fake/include -I/home/taran/Desktop/docker/nginx_vanilla/unicornscan-0.4.7/ext_src   conftest.c >&5
configure:18779: $? = 0
configure:18782: test -s conftest.o
configure:18785: $? = 0
configure:18796: result: yes
configure:18807: checking for rt_msghdr struct in <net/route.h>
configure:18829: gcc -c -D_GNU_SOURCE -O2  -DLIBDIR="/usr/local/lib" -DSYSCONFDIR="/usr/local/etc" -DLIBEXECDIR="/usr/local/libexec" -DLOCALSTATEDIR="/usr/local/var" -DPROGNAME="unicornscan" -I/home/taran/Desktop/docker/nginx_vanilla/unicornscan-0.4.7/src -I/home/taran/Desktop/docker/nginx_vanilla/unicornscan-0.4.7/libs/fake/include -I/home/taran/Desktop/docker/nginx_vanilla/unicornscan-0.4.7/ext_src   conftest.c >&5
configure: In function 'main':
configure:18822:18: error: storage size of 'rtm' isn't known
 {
                  ^  
configure:18832: $? = 1
configure: failed program was:
#line 18813 "configure"
#include "confdefs.h"

#       include <sys/types.h>
#       include <sys/socket.h>
#       include <net/if.h>
#       include <net/route.h>
int
main ()
{
struct rt_msghdr rtm; rtm.rtm_msglen = 0;
  ;
  return 0;
}
configure:18849: result: no
configure:18860: checking whether gcc needs -traditional
configure:18895: result: no
configure:18906: checking for working memcmp
configure:18951: gcc -o conftest -D_GNU_SOURCE -O2  -DLIBDIR="/usr/local/lib" -DSYSCONFDIR="/usr/local/etc" -DLIBEXECDIR="/usr/local/libexec" -DLOCALSTATEDIR="/usr/local/var" -DPROGNAME="unicornscan" -I/home/taran/Desktop/docker/nginx_vanilla/unicornscan-0.4.7/src -I/home/taran/Desktop/docker/nginx_vanilla/unicornscan-0.4.7/libs/fake/include -I/home/taran/Desktop/docker/nginx_vanilla/unicornscan-0.4.7/ext_src  -Wall   conftest.c  >&5
configure: In function 'main':
configure:18923:7: warning: implicit declaration of function 'memcmp' [-Wimplicit-function-declaration]
   char c0 = 0x40, c1 = 0x80, c2 = 0x81;
       ^~~~~~
configure:18924:5: warning: implicit declaration of function 'exit' [-Wimplicit-function-declaration]
   if (memcmp(&c0, &c2, 1) >= 0 || memcmp(&c1, &c2, 1) >= 0)
     ^~~~
configure:18924:5: warning: incompatible implicit declaration of built-in function 'exit'
configure:18924:5: note: include '<stdlib.h>' or provide a declaration of 'exit'
configure:18937:9: warning: implicit declaration of function 'strcpy' [-Wimplicit-function-declaration]
         char *b = bar + i;
         ^~~~~~
configure:18937:9: warning: incompatible implicit declaration of built-in function 'strcpy'
configure:18937:9: note: include '<string.h>' or provide a declaration of 'strcpy'
configure:18940:11: warning: incompatible implicit declaration of built-in function 'exit'
         if (memcmp (a, b, 16) >= 0)
           ^~~~
configure:18940:11: note: include '<stdlib.h>' or provide a declaration of 'exit'
configure:18942:5: warning: incompatible implicit declaration of built-in function 'exit'
       }
     ^ ~ 
configure:18942:5: note: include '<stdlib.h>' or provide a declaration of 'exit'
configure:18954: $? = 0
configure:18956: ./conftest
configure:18959: $? = 0
configure:18971: result: yes
configure:18978: checking for err
configure:19015: gcc -o conftest -D_GNU_SOURCE -O2  -DLIBDIR="/usr/local/lib" -DSYSCONFDIR="/usr/local/etc" -DLIBEXECDIR="/usr/local/libexec" -DLOCALSTATEDIR="/usr/local/var" -DPROGNAME="unicornscan" -I/home/taran/Desktop/docker/nginx_vanilla/unicornscan-0.4.7/src -I/home/taran/Desktop/docker/nginx_vanilla/unicornscan-0.4.7/libs/fake/include -I/home/taran/Desktop/docker/nginx_vanilla/unicornscan-0.4.7/ext_src  -Wall   conftest.c  >&5
configure:19018: $? = 0
configure:19021: test -s conftest
configure:19024: $? = 0
configure:19034: result: yes
configure:18978: checking for strlcat
configure:19015: gcc -o conftest -D_GNU_SOURCE -O2  -DLIBDIR="/usr/local/lib" -DSYSCONFDIR="/usr/local/etc" -DLIBEXECDIR="/usr/local/libexec" -DLOCALSTATEDIR="/usr/local/var" -DPROGNAME="unicornscan" -I/home/taran/Desktop/docker/nginx_vanilla/unicornscan-0.4.7/src -I/home/taran/Desktop/docker/nginx_vanilla/unicornscan-0.4.7/libs/fake/include -I/home/taran/Desktop/docker/nginx_vanilla/unicornscan-0.4.7/ext_src  -Wall   conftest.c  >&5
/tmp/ccRoqaGv.o: In function `main':
conftest.c:(.text.startup+0x3): undefined reference to `strlcat'
collect2: error: ld returned 1 exit status
configure:19018: $? = 1
configure: failed program was:
#line 18984 "configure"
#include "confdefs.h"
/* System header to define __stub macros and hopefully few prototypes,
    which can conflict with char strlcat (); below.  */
#include <assert.h>
/* Override any gcc2 internal prototype to avoid an error.  */
#ifdef __cplusplus
extern "C"
#endif
/* We use char because int might match the return type of a gcc2
   builtin and then its argument prototype would still apply.  */
char strlcat ();
char (*f) ();

int
main ()
{
/* The GNU C library defines this for functions which it implements
    to always fail with ENOSYS.  Some functions are actually named
    something starting with __ and the normal name is an alias.  */
#if defined (__stub_strlcat) || defined (__stub___strlcat)
choke me
#else
f = strlcat;
#endif

  ;
  return 0;
}
configure:19034: result: no
configure:18978: checking for strlcpy
configure:19015: gcc -o conftest -D_GNU_SOURCE -O2  -DLIBDIR="/usr/local/lib" -DSYSCONFDIR="/usr/local/etc" -DLIBEXECDIR="/usr/local/libexec" -DLOCALSTATEDIR="/usr/local/var" -DPROGNAME="unicornscan" -I/home/taran/Desktop/docker/nginx_vanilla/unicornscan-0.4.7/src -I/home/taran/Desktop/docker/nginx_vanilla/unicornscan-0.4.7/libs/fake/include -I/home/taran/Desktop/docker/nginx_vanilla/unicornscan-0.4.7/ext_src  -Wall   conftest.c  >&5
/tmp/ccvonfHB.o: In function `main':
conftest.c:(.text.startup+0x3): undefined reference to `strlcpy'
collect2: error: ld returned 1 exit status
configure:19018: $? = 1
configure: failed program was:
#line 18984 "configure"
#include "confdefs.h"
/* System header to define __stub macros and hopefully few prototypes,
    which can conflict with char strlcpy (); below.  */
#include <assert.h>
/* Override any gcc2 internal prototype to avoid an error.  */
#ifdef __cplusplus
extern "C"
#endif
/* We use char because int might match the return type of a gcc2
   builtin and then its argument prototype would still apply.  */
char strlcpy ();
char (*f) ();

int
main ()
{
/* The GNU C library defines this for functions which it implements
    to always fail with ENOSYS.  Some functions are actually named
    something starting with __ and the normal name is an alias.  */
#if defined (__stub_strlcpy) || defined (__stub___strlcpy)
choke me
#else
f = strlcpy;
#endif

  ;
  return 0;
}
configure:19034: result: no
configure:18978: checking for strsep
configure:19015: gcc -o conftest -D_GNU_SOURCE -O2  -DLIBDIR="/usr/local/lib" -DSYSCONFDIR="/usr/local/etc" -DLIBEXECDIR="/usr/local/libexec" -DLOCALSTATEDIR="/usr/local/var" -DPROGNAME="unicornscan" -I/home/taran/Desktop/docker/nginx_vanilla/unicornscan-0.4.7/src -I/home/taran/Desktop/docker/nginx_vanilla/unicornscan-0.4.7/libs/fake/include -I/home/taran/Desktop/docker/nginx_vanilla/unicornscan-0.4.7/ext_src  -Wall   conftest.c  >&5
configure:19018: $? = 0
configure:19021: test -s conftest
configure:19024: $? = 0
configure:19034: result: yes
configure:19047: checking for Berkeley Packet Filter
configure:19059: result: no
configure:19068: checking for Linux proc filesystem
configure:19080: result: yes
configure:19089: checking for Linux PF_PACKET sockets
configure:19101: result: yes
configure:19110: checking for SNMP MIB2 STREAMS
configure:19122: result: no
configure:19131: checking for route(7) STREAMS
configure:19143: result: no
configure:19152: checking for arp(7) ioctls
configure:19182: result: yes
configure:19191: checking for raw IP sockets ip_{len,off} host byte ordering
configure:19207: result: no
configure:19216: checking for cooked raw IP sockets
configure:19230: result: no
configure:19418: creating ./config.status

## ----------------------- ##
## Running config.status.  ##
## ----------------------- ##

This file was extended by config.status 2.52, executed with
  CONFIG_FILES    = 
  CONFIG_HEADERS  = 
  CONFIG_LINKS    = 
  CONFIG_COMMANDS = 
  > ./config.status 
on taran-Predator-PH315-51

config.status:19926: creating Makefile
config.status:19926: creating dnet-config
config.status:19926: creating include/Makefile
config.status:19926: creating include/dnet/Makefile
config.status:19926: creating man/Makefile
config.status:19926: creating src/Makefile
config.status:19926: creating python/Makefile
config.status:19926: creating python/setup.py
config.status:19926: creating test/Makefile
config.status:19926: creating test/check/Makefile
config.status:19926: creating test/dnet/Makefile
config.status:20018: creating include/config.h

## ----------------- ##
## Cache variables.  ##
## ----------------- ##

ac_cv_build='x86_64-unknown-linux-gnu'
ac_cv_build_alias='x86_64-unknown-linux-gnu'
ac_cv_c_compiler_gnu='yes'
ac_cv_c_const='yes'
ac_cv_c_inline='inline'
ac_cv_cxx_compiler_gnu='yes'
ac_cv_dnet_arpreq_has_arp_dev='yes'
ac_cv_dnet_bsd_bpf='no'
ac_cv_dnet_ioctl_arp='yes'
ac_cv_dnet_linux_pf_packet='yes'
ac_cv_dnet_linux_procfs='yes'
ac_cv_dnet_netinet_in_h_has_sockaddr_in6='yes'
ac_cv_dnet_rawip_cooked='no'
ac_cv_dnet_rawip_host_offlen='no'
ac_cv_dnet_route_h_has_rt_msghdr='no'
ac_cv_dnet_sockaddr_has_sa_len='no'
ac_cv_dnet_streams_mib2='no'
ac_cv_dnet_streams_route='no'
ac_cv_env_CC_set='set'
ac_cv_env_CC_value='gcc'
ac_cv_env_CFLAGS_set='set'
ac_cv_env_CFLAGS_value='-D_GNU_SOURCE -O2  -DLIBDIR="/usr/local/lib" -DSYSCONFDIR="/usr/local/etc" -DLIBEXECDIR="/usr/local/libexec" -DLOCALSTATEDIR="/usr/local/var" -DPROGNAME="unicornscan" -I/home/taran/Desktop/docker/nginx_vanilla/unicornscan-0.4.7/src -I/home/taran/Desktop/docker/nginx_vanilla/unicornscan-0.4.7/libs/fake/include -I/home/taran/Desktop/docker/nginx_vanilla/unicornscan-0.4.7/ext_src '
ac_cv_env_CPPFLAGS_set=''
ac_cv_env_CPPFLAGS_value=''
ac_cv_env_CPP_set=''
ac_cv_env_CPP_value=''
ac_cv_env_CXXCPP_set=''
ac_cv_env_CXXCPP_value=''
ac_cv_env_CXXFLAGS_set=''
ac_cv_env_CXXFLAGS_value=''
ac_cv_env_CXX_set=''
ac_cv_env_CXX_value=''
ac_cv_env_F77_set=''
ac_cv_env_F77_value=''
ac_cv_env_FFLAGS_set=''
ac_cv_env_FFLAGS_value=''
ac_cv_env_LDFLAGS_set=''
ac_cv_env_LDFLAGS_value=''
ac_cv_env_build_alias_set='set'
ac_cv_env_build_alias_value='x86_64-unknown-linux-gnu'
ac_cv_env_host_alias_set='set'
ac_cv_env_host_alias_value='x86_64-unknown-linux-gnu'
ac_cv_env_target_alias_set=''
ac_cv_env_target_alias_value=''
ac_cv_f77_compiler_gnu='no'
ac_cv_func_dlopen='no'
ac_cv_func_err='yes'
ac_cv_func_gethostbyname='yes'
ac_cv_func_memcmp_working='yes'
ac_cv_func_shl_load='no'
ac_cv_func_socket='yes'
ac_cv_func_strlcat='no'
ac_cv_func_strlcpy='no'
ac_cv_func_strsep='yes'
ac_cv_header_dlfcn_h='yes'
ac_cv_header_fcntl_h='yes'
ac_cv_header_hpsecurity_h='no'
ac_cv_header_inttypes_h='yes'
ac_cv_header_ip_compat_h='no'
ac_cv_header_ip_fil_compat_h='no'
ac_cv_header_ip_fil_h='no'
ac_cv_header_linux_if_tun_h='yes'
ac_cv_header_linux_ip_fw_h='no'
ac_cv_header_linux_ip_fwchains_h='no'
ac_cv_header_linux_netfilter_ipv4_ipchains_core_h='no'
ac_cv_header_memory_h='yes'
ac_cv_header_net_bpf_h='no'
ac_cv_header_net_if_arp_h='yes'
ac_cv_header_net_if_dl_h='no'
ac_cv_header_net_if_h='yes'
ac_cv_header_net_if_tun_h='no'
ac_cv_header_net_if_var_h='no'
ac_cv_header_net_pfilt_h='no'
ac_cv_header_net_pfvar_h='no'
ac_cv_header_net_radix_h='no'
ac_cv_header_net_raw_h='no'
ac_cv_header_net_route_h='yes'
ac_cv_header_netinet_in_var_h='no'
ac_cv_header_netinet_ip_compat_h='no'
ac_cv_header_netinet_ip_fil_compat_h='no'
ac_cv_header_netinet_ip_fil_h='no'
ac_cv_header_netinet_ip_fw_h='no'
ac_cv_header_stdc='yes'
ac_cv_header_stdint_h='yes'
ac_cv_header_stdlib_h='yes'
ac_cv_header_string_h='yes'
ac_cv_header_strings_h='yes'
ac_cv_header_stropts_h='yes'
ac_cv_header_sys_bufmod_h='no'
ac_cv_header_sys_dlpi_ext_h='no'
ac_cv_header_sys_dlpi_h='no'
ac_cv_header_sys_dlpihdr_h='no'
ac_cv_header_sys_ioctl_h='yes'
ac_cv_header_sys_mib_h='no'
ac_cv_header_sys_ndd_var_h='no'
ac_cv_header_sys_socket_h='yes'
ac_cv_header_sys_sockio_h='no'
ac_cv_header_sys_stat_h='yes'
ac_cv_header_sys_sysctl_h='yes'
ac_cv_header_sys_time_h='yes'
ac_cv_header_sys_types_h='yes'
ac_cv_header_unistd_h='yes'
ac_cv_host='x86_64-unknown-linux-gnu'
ac_cv_host_alias='x86_64-unknown-linux-gnu'
ac_cv_lib_dl_dlopen='yes'
ac_cv_lib_dld_shl_load='no'
ac_cv_lib_nm_open_mib='no'
ac_cv_lib_str_putmsg='no'
ac_cv_objext='o'
ac_cv_path_install='/usr/bin/install -c'
ac_cv_prog_CC='gcc'
ac_cv_prog_CPP='gcc -E'
ac_cv_prog_CXXCPP='g++ -E'
ac_cv_prog_ac_ct_AR='ar'
ac_cv_prog_ac_ct_CXX='g++'
ac_cv_prog_ac_ct_RANLIB='ranlib'
ac_cv_prog_ac_ct_STRIP='strip'
ac_cv_prog_cc_g='yes'
ac_cv_prog_cc_stdc=''
ac_cv_prog_cxx_g='yes'
ac_cv_prog_egrep='grep -E'
ac_cv_prog_f77_g='no'
ac_cv_prog_gcc_traditional='no'
ac_cv_prog_make_make_set='yes'
ac_cv_type_pid_t='yes'
ac_cv_type_size_t='yes'
lt_cv_deplibs_check_method='pass_all'
lt_cv_dlopen='dlopen'
lt_cv_dlopen_libs='-ldl'
lt_cv_dlopen_self='no'
lt_cv_file_magic_cmd='$MAGIC_CMD'
lt_cv_file_magic_test_file='/lib/libc.so* /lib/libc-*.so'
lt_cv_ld_reload_flag='-r'
lt_cv_objdir='.libs'
lt_cv_path_LD='/usr/bin/ld'
lt_cv_path_LDCXX='/usr/bin/ld -m elf_x86_64'
lt_cv_path_NM='nm'
lt_cv_path_SED='/bin/sed'
lt_cv_prog_compiler_c_o='yes'
lt_cv_prog_compiler_c_o_CXX='yes'
lt_cv_prog_compiler_rtti_exceptions='no'
lt_cv_prog_gnu_ld='yes'
lt_cv_prog_gnu_ldcxx='yes'
lt_cv_sys_global_symbol_pipe='sed -n -e '"'"'s/^.*[ 	]\([ABCDGIRSTW][ABCDGIRSTW]*\)[ 	][ 	]*\(\)\([_A-Za-z][_A-Za-z0-9]*\)$/\1 \2\3 \3/p'"'"
lt_cv_sys_global_symbol_to_c_name_address='sed -n -e '"'"'s/^: \([^ ]*\) $/  {\"\1\", (lt_ptr) 0},/p'"'"' -e '"'"'s/^[BCDEGRST] \([^ ]*\) \([^ ]*\)$/  {"\2", (lt_ptr) \&\2},/p'"'"
lt_cv_sys_global_symbol_to_cdecl='sed -n -e '"'"'s/^. .* \(.*\)$/extern int \1;/p'"'"
lt_cv_sys_max_cmd_len='32768'
lt_lt_cv_prog_compiler_c_o='"yes"'
lt_lt_cv_prog_compiler_c_o_CXX='"yes"'
lt_lt_cv_sys_global_symbol_pipe='"sed -n -e '"'"'s/^.*[ 	]\\([ABCDGIRSTW][ABCDGIRSTW]*\\)[ 	][ 	]*\\(\\)\\([_A-Za-z][_A-Za-z0-9]*\\)\$/\\1 \\2\\3 \\3/p'"'"'"'
lt_lt_cv_sys_global_symbol_to_c_name_address='"sed -n -e '"'"'s/^: \\([^ ]*\\) \$/  {\\\"\\1\\\", (lt_ptr) 0},/p'"'"' -e '"'"'s/^[BCDEGRST] \\([^ ]*\\) \\([^ ]*\\)\$/  {\"\\2\", (lt_ptr) \\&\\2},/p'"'"'"'
lt_lt_cv_sys_global_symbol_to_cdecl='"sed -n -e '"'"'s/^. .* \\(.*\\)\$/extern int \\1;/p'"'"'"'

## ------------ ##
## confdefs.h.  ##
## ------------ ##

#define PACKAGE "libdnet"
#define VERSION "1.10"
#define HAVE_DLFCN_H 1
#ifdef __cplusplus
#include <stdlib.h>
#endif
#define STDC_HEADERS 1
#define HAVE_FCNTL_H 1
#define HAVE_UNISTD_H 1
#define HAVE_SYS_IOCTL_H 1
#define HAVE_SYS_SOCKET_H 1
#define HAVE_SYS_SYSCTL_H 1
#define HAVE_SYS_TIME_H 1
#define HAVE_NET_IF_H 1
#define HAVE_NET_IF_ARP_H 1
#define HAVE_NET_ROUTE_H 1
#define HAVE_LINUX_IF_TUN_H 1
#define HAVE_STROPTS_H 1
#define HAVE_SYS_TYPES_H 1
#define HAVE_SYS_STAT_H 1
#define HAVE_STDLIB_H 1
#define HAVE_STRING_H 1
#define HAVE_MEMORY_H 1
#define HAVE_STRINGS_H 1
#define HAVE_INTTYPES_H 1
#define HAVE_STDINT_H 1
#define HAVE_UNISTD_H 1
#define HAVE_SOCKADDR_IN6 1
#define HAVE_ARPREQ_ARP_DEV 1
#define HAVE_ERR 1
#define HAVE_STRSEP 1
#define HAVE_LINUX_PROCFS 1
#define HAVE_LINUX_PF_PACKET 1
#define HAVE_IOCTL_ARP 1


configure: exit 0
